<?xml version="1.0" encoding="UTF-8"?>
<!-- Generated by org.testng.reporters.JUnitXMLReporter -->
<testsuite ignored="0" hostname="DESKTOP-4K8BJUH" failures="0" tests="2" name="validationMessageScenariostest" time="53.835" errors="0" timestamp="2024-08-07T17:48:46 IST">
  <testcase classname="ServiceBox.TestComponents.validationMessageScenarios" name="lisencePlateMessageValidation" time="15.251"/>
  <testcase classname="ServiceBox.TestComponents.validationMessageScenarios" name="vehicleIdentificationNumberValidation" time="19.976"/>
</testsuite> <!-- validationMessageScenariostest -->
