<?xml version="1.0" encoding="UTF-8"?>
<testng-results ignored="0" total="2" passed="2" failed="0" skipped="0">
  <reporter-output>
  </reporter-output>
  <suite started-at="2024-08-07T17:47:52 IST" name="Suite" finished-at="2024-08-07T17:48:46 IST" duration-ms="53934">
    <groups>
      <group name="VINValidation">
        <method signature="validationMessageScenarios.lisencePlateMessageValidation()[pri:0, instance:ServiceBox.TestComponents.validationMessageScenarios@6a78afa0]" name="lisencePlateMessageValidation" class="ServiceBox.TestComponents.validationMessageScenarios"/>
        <method signature="validationMessageScenarios.vehicleIdentificationNumberValidation()[pri:0, instance:ServiceBox.TestComponents.validationMessageScenarios@6a78afa0]" name="vehicleIdentificationNumberValidation" class="ServiceBox.TestComponents.validationMessageScenarios"/>
      </group> <!-- VINValidation -->
    </groups>
    <test started-at="2024-08-07T17:47:52 IST" name="completeExecution1test" finished-at="2024-08-07T17:47:52 IST" duration-ms="16">
    </test> <!-- completeExecution1test -->
    <test started-at="2024-08-07T17:47:52 IST" name="validationMessageScenariostest" finished-at="2024-08-07T17:48:46 IST" duration-ms="53835">
      <class name="ServiceBox.TestComponents.validationMessageScenarios">
        <test-method is-config="true" signature="launchingApplication()[pri:0, instance:ServiceBox.TestComponents.validationMessageScenarios@6a78afa0]" started-at="2024-08-07T17:47:52 IST" name="launchingApplication" finished-at="2024-08-07T17:48:04 IST" duration-ms="11587" status="PASS">
          <reporter-output>
          </reporter-output>
        </test-method> <!-- launchingApplication -->
        <test-method signature="lisencePlateMessageValidation()[pri:0, instance:ServiceBox.TestComponents.validationMessageScenarios@6a78afa0]" started-at="2024-08-07T17:48:04 IST" name="lisencePlateMessageValidation" finished-at="2024-08-07T17:48:19 IST" duration-ms="15251" status="PASS">
          <reporter-output>
          </reporter-output>
        </test-method> <!-- lisencePlateMessageValidation -->
        <test-method is-config="true" signature="closeBrowser()[pri:0, instance:ServiceBox.TestComponents.validationMessageScenarios@6a78afa0]" started-at="2024-08-07T17:48:19 IST" name="closeBrowser" finished-at="2024-08-07T17:48:20 IST" duration-ms="645" status="PASS">
          <reporter-output>
          </reporter-output>
        </test-method> <!-- closeBrowser -->
        <test-method is-config="true" signature="launchingApplication()[pri:0, instance:ServiceBox.TestComponents.validationMessageScenarios@6a78afa0]" started-at="2024-08-07T17:48:20 IST" name="launchingApplication" finished-at="2024-08-07T17:48:25 IST" duration-ms="5614" status="PASS">
          <reporter-output>
          </reporter-output>
        </test-method> <!-- launchingApplication -->
        <test-method signature="vehicleIdentificationNumberValidation()[pri:0, instance:ServiceBox.TestComponents.validationMessageScenarios@6a78afa0]" started-at="2024-08-07T17:48:25 IST" name="vehicleIdentificationNumberValidation" finished-at="2024-08-07T17:48:45 IST" duration-ms="19976" status="PASS">
          <reporter-output>
          </reporter-output>
        </test-method> <!-- vehicleIdentificationNumberValidation -->
        <test-method is-config="true" signature="closeBrowser()[pri:0, instance:ServiceBox.TestComponents.validationMessageScenarios@6a78afa0]" started-at="2024-08-07T17:48:45 IST" name="closeBrowser" finished-at="2024-08-07T17:48:46 IST" duration-ms="697" status="PASS">
          <reporter-output>
          </reporter-output>
        </test-method> <!-- closeBrowser -->
      </class> <!-- ServiceBox.TestComponents.validationMessageScenarios -->
    </test> <!-- validationMessageScenariostest -->
  </suite> <!-- Suite -->
</testng-results>
