<?xml version="1.0" encoding="UTF-8"?>
<testng-results total="2" passed="1" failed="1" skipped="0">
  <reporter-output>
  </reporter-output>
  <suite started-at="2024-08-07T06:18:10Z" name="Default suite" finished-at="2024-08-07T06:19:19Z" duration-ms="69265">
    <groups>
      <group name="Purchase">
        <method signature="completeExecution1.startTest1(java.util.HashMap)[pri:0, instance:ServiceBox.TestComponents.completeExecution1@4082ba93]" name="startTest1" class="ServiceBox.TestComponents.completeExecution1"/>
      </group> <!-- Purchase -->
    </groups>
    <test started-at="2024-08-07T06:18:10Z" name="Default test" finished-at="2024-08-07T06:19:19Z" duration-ms="69265">
      <class name="ServiceBox.TestComponents.completeExecution1">
        <test-method is-config="true" signature="launchingApplication()[pri:0, instance:ServiceBox.TestComponents.completeExecution1@4082ba93]" started-at="2024-08-07T11:48:10Z" name="launchingApplication" finished-at="2024-08-07T11:48:16Z" duration-ms="5768" status="PASS">
          <reporter-output>
          </reporter-output>
        </test-method> <!-- launchingApplication -->
        <test-method signature="startTest1(java.util.HashMap)[pri:0, instance:ServiceBox.TestComponents.completeExecution1@4082ba93]" started-at="2024-08-07T11:48:16Z" name="startTest1" data-provider="CheckData" finished-at="2024-08-07T11:48:49Z" duration-ms="33041" status="PASS">
          <params>
            <param index="0">
              <value>
                <![CDATA[{DOPRcode=010072Y, userId=DB87045, RRDIcode=XTTIAM1}]]>
              </value>
            </param>
          </params>
          <reporter-output>
          </reporter-output>
        </test-method> <!-- startTest1 -->
        <test-method is-config="true" signature="closeBrowser()[pri:0, instance:ServiceBox.TestComponents.completeExecution1@4082ba93]" started-at="2024-08-07T11:48:49Z" name="closeBrowser" finished-at="2024-08-07T11:48:50Z" duration-ms="1099" status="PASS">
          <reporter-output>
          </reporter-output>
        </test-method> <!-- closeBrowser -->
        <test-method is-config="true" signature="launchingApplication()[pri:0, instance:ServiceBox.TestComponents.completeExecution1@4082ba93]" started-at="2024-08-07T11:48:50Z" name="launchingApplication" finished-at="2024-08-07T11:48:52Z" duration-ms="2611" status="PASS">
          <reporter-output>
          </reporter-output>
        </test-method> <!-- launchingApplication -->
        <test-method signature="startTest1(java.util.HashMap)[pri:0, instance:ServiceBox.TestComponents.completeExecution1@4082ba93]" started-at="2024-08-07T11:48:52Z" name="startTest1" data-provider="CheckData" finished-at="2024-08-07T11:49:17Z" duration-ms="24206" status="FAIL">
          <params>
            <param index="0">
              <value>
                <![CDATA[{DOPRcode=010072Y, userId=DB87046, RRDIcode=XTTIAM7}]]>
              </value>
            </param>
          </params>
          <exception class="org.openqa.selenium.ElementClickInterceptedException">
            <message>
              <![CDATA[element click intercepted: Element <button _ngcontent-c3="" class="element-header d-flex align-items-center" placement="bottom" popoverclass="popover-config" type="button">...</button> is not clickable at point (752, 28). Other element would receive the click: <h1>...</h1>
  (Session info: chrome=127.0.6533.89)
Build info: version: '4.20.0', revision: '866c76ca80'
System info: os.name: 'Windows 11', os.arch: 'amd64', os.version: '10.0', java.version: '21.0.2'
Driver info: org.openqa.selenium.chrome.ChromeDriver
Command: [e940daf7aa57d77fcf870a45e2592e1a, clickElement {id=f.63CDB28BDB3946B66E9C1DA4D5F46A4A.d.9A394DA2BB83C58E8965B5686F7FE837.e.91}]
Capabilities {acceptInsecureCerts: false, browserName: chrome, browserVersion: 127.0.6533.89, chrome: {chromedriverVersion: 127.0.6533.88 (a2d0cb026721..., userDataDir: C:\Users\a819538\AppData\Lo...}, fedcm:accounts: true, goog:chromeOptions: {debuggerAddress: localhost:21219}, networkConnectionEnabled: false, pageLoadStrategy: normal, platformName: windows, proxy: Proxy(), se:cdp: ws://localhost:21219/devtoo..., se:cdpVersion: 127.0.6533.89, setWindowRect: true, strictFileInteractability: false, timeouts: {implicit: 0, pageLoad: 300000, script: 30000}, unhandledPromptBehavior: dismiss and notify, webauthn:extension:credBlob: true, webauthn:extension:largeBlob: true, webauthn:extension:minPinLength: true, webauthn:extension:prf: true, webauthn:virtualAuthenticators: true}
Element: [[ChromeDriver: chrome on windows (e940daf7aa57d77fcf870a45e2592e1a)] -> xpath: //nav[@id='RFmainHeader']//div[@id='navbarSupportedContent']//button[@class='element-header d-flex align-items-center']]
Session ID: e940daf7aa57d77fcf870a45e2592e1a]]>
            </message>
            <full-stacktrace>
              <![CDATA[org.openqa.selenium.ElementClickInterceptedException: element click intercepted: Element <button _ngcontent-c3="" class="element-header d-flex align-items-center" placement="bottom" popoverclass="popover-config" type="button">...</button> is not clickable at point (752, 28). Other element would receive the click: <h1>...</h1>
  (Session info: chrome=127.0.6533.89)
Build info: version: '4.20.0', revision: '866c76ca80'
System info: os.name: 'Windows 11', os.arch: 'amd64', os.version: '10.0', java.version: '21.0.2'
Driver info: org.openqa.selenium.chrome.ChromeDriver
Command: [e940daf7aa57d77fcf870a45e2592e1a, clickElement {id=f.63CDB28BDB3946B66E9C1DA4D5F46A4A.d.9A394DA2BB83C58E8965B5686F7FE837.e.91}]
Capabilities {acceptInsecureCerts: false, browserName: chrome, browserVersion: 127.0.6533.89, chrome: {chromedriverVersion: 127.0.6533.88 (a2d0cb026721..., userDataDir: C:\Users\a819538\AppData\Lo...}, fedcm:accounts: true, goog:chromeOptions: {debuggerAddress: localhost:21219}, networkConnectionEnabled: false, pageLoadStrategy: normal, platformName: windows, proxy: Proxy(), se:cdp: ws://localhost:21219/devtoo..., se:cdpVersion: 127.0.6533.89, setWindowRect: true, strictFileInteractability: false, timeouts: {implicit: 0, pageLoad: 300000, script: 30000}, unhandledPromptBehavior: dismiss and notify, webauthn:extension:credBlob: true, webauthn:extension:largeBlob: true, webauthn:extension:minPinLength: true, webauthn:extension:prf: true, webauthn:virtualAuthenticators: true}
Element: [[ChromeDriver: chrome on windows (e940daf7aa57d77fcf870a45e2592e1a)] -> xpath: //nav[@id='RFmainHeader']//div[@id='navbarSupportedContent']//button[@class='element-header d-flex align-items-center']]
Session ID: e940daf7aa57d77fcf870a45e2592e1a
	at java.base/jdk.internal.reflect.DirectConstructorHandleAccessor.newInstance(DirectConstructorHandleAccessor.java:62)
	at java.base/java.lang.reflect.Constructor.newInstanceWithCaller(Constructor.java:502)
	at java.base/java.lang.reflect.Constructor.newInstance(Constructor.java:486)
	at org.openqa.selenium.remote.ErrorCodec.decode(ErrorCodec.java:167)
	at org.openqa.selenium.remote.codec.w3c.W3CHttpResponseCodec.decode(W3CHttpResponseCodec.java:138)
	at org.openqa.selenium.remote.codec.w3c.W3CHttpResponseCodec.decode(W3CHttpResponseCodec.java:50)
	at org.openqa.selenium.remote.HttpCommandExecutor.execute(HttpCommandExecutor.java:190)
	at org.openqa.selenium.remote.service.DriverCommandExecutor.invokeExecute(DriverCommandExecutor.java:216)
	at org.openqa.selenium.remote.service.DriverCommandExecutor.execute(DriverCommandExecutor.java:174)
	at org.openqa.selenium.remote.RemoteWebDriver.execute(RemoteWebDriver.java:518)
	at org.openqa.selenium.remote.RemoteWebElement.execute(RemoteWebElement.java:223)
	at org.openqa.selenium.remote.RemoteWebElement.click(RemoteWebElement.java:76)
	at java.base/jdk.internal.reflect.DirectMethodHandleAccessor.invoke(DirectMethodHandleAccessor.java:103)
	at java.base/java.lang.reflect.Method.invoke(Method.java:580)
	at org.openqa.selenium.support.pagefactory.internal.LocatingElementHandler.invoke(LocatingElementHandler.java:51)
	at jdk.proxy2/jdk.proxy2.$Proxy16.click(Unknown Source)
	at ServiceBOX.AbstractComponent.abstractComponent.languageSelection(abstractComponent.java:74)
	at ServiceBox.TestComponents.completeExecution1.startTest1(completeExecution1.java:42)
	at java.base/jdk.internal.reflect.DirectMethodHandleAccessor.invoke(DirectMethodHandleAccessor.java:103)
	at java.base/java.lang.reflect.Method.invoke(Method.java:580)
	at org.testng.internal.MethodInvocationHelper.invokeMethod(MethodInvocationHelper.java:80)
	at org.testng.internal.Invoker.invokeMethod(Invoker.java:715)
	at org.testng.internal.Invoker.invokeTestMethod(Invoker.java:907)
	at org.testng.internal.Invoker.invokeTestMethods(Invoker.java:1237)
	at org.testng.internal.TestMethodWorker.invokeTestMethods(TestMethodWorker.java:127)
	at org.testng.internal.TestMethodWorker.run(TestMethodWorker.java:111)
	at org.testng.TestRunner.privateRun(TestRunner.java:767)
	at org.testng.TestRunner.run(TestRunner.java:617)
	at org.testng.SuiteRunner.runTest(SuiteRunner.java:334)
	at org.testng.SuiteRunner.runSequentially(SuiteRunner.java:329)
	at org.testng.SuiteRunner.privateRun(SuiteRunner.java:291)
	at org.testng.SuiteRunner.run(SuiteRunner.java:240)
	at org.testng.SuiteRunnerWorker.runSuite(SuiteRunnerWorker.java:51)
	at org.testng.SuiteRunnerWorker.run(SuiteRunnerWorker.java:85)
	at org.testng.TestNG.runSuitesSequentially(TestNG.java:1197)
	at org.testng.TestNG.runSuitesLocally(TestNG.java:1122)
	at org.testng.TestNG.run(TestNG.java:1030)
	at org.testng.remote.AbstractRemoteTestNG.run(AbstractRemoteTestNG.java:115)
	at org.testng.remote.RemoteTestNG.initAndRun(RemoteTestNG.java:251)
	at org.testng.remote.RemoteTestNG.main(RemoteTestNG.java:77)
]]>
            </full-stacktrace>
          </exception> <!-- org.openqa.selenium.ElementClickInterceptedException -->
          <reporter-output>
          </reporter-output>
        </test-method> <!-- startTest1 -->
        <test-method is-config="true" signature="closeBrowser()[pri:0, instance:ServiceBox.TestComponents.completeExecution1@4082ba93]" started-at="2024-08-07T11:49:17Z" name="closeBrowser" finished-at="2024-08-07T11:49:19Z" duration-ms="2156" status="PASS">
          <reporter-output>
          </reporter-output>
        </test-method> <!-- closeBrowser -->
      </class> <!-- ServiceBox.TestComponents.completeExecution1 -->
    </test> <!-- Default test -->
  </suite> <!-- Default suite -->
</testng-results>
